<?xml version="1.0" encoding="UTF-8"?>
<!-- Generated by org.testng.reporters.JUnitReportReporter -->
<testsuite skipped="0" hostname="Pradeep" name="com.Rmgyantra.validate.QurryParameterTest" tests="1" failures="0" timestamp="28 Feb 2022 11:19:40 GMT" time="3.074" errors="0">
  <testcase name="qurreyParameter" time="3.074" classname="com.Rmgyantra.validate.QurryParameterTest"/>
</testsuite> <!-- com.Rmgyantra.validate.QurryParameterTest -->
