<?xml version="1.0" encoding="UTF-8"?>
<!-- Generated by org.testng.reporters.JUnitReportReporter -->
<testsuite skipped="0" hostname="Pradeep" name="com.Rmgyantra.CurdOpertionWithOutBDD.PostTheResourceTest" tests="1" failures="0" timestamp="24 Feb 2022 12:10:05 GMT" time="4.233" errors="0">
  <testcase name="postTheResource" time="4.233" classname="com.Rmgyantra.CurdOpertionWithOutBDD.PostTheResourceTest"/>
</testsuite> <!-- com.Rmgyantra.CurdOpertionWithOutBDD.PostTheResourceTest -->
