<?xml version="1.0" encoding="UTF-8"?>
<!-- Generated by org.testng.reporters.JUnitReportReporter -->
<testsuite skipped="0" hostname="Pradeep" name="com.Rmggyantra.EndToEnd.CreateEmpAndGetEmp" tests="1" failures="0" timestamp="01 Mar 2022 05:39:14 GMT" time="5.299" errors="0">
  <testcase name="createEmpAndEmp" time="5.299" classname="com.Rmggyantra.EndToEnd.CreateEmpAndGetEmp"/>
</testsuite> <!-- com.Rmggyantra.EndToEnd.CreateEmpAndGetEmp -->
