<?xml version="1.0" encoding="UTF-8"?>
<!-- Generated by org.testng.reporters.JUnitReportReporter -->
<testsuite skipped="0" hostname="Pradeep" name="com.Rmgyantra.CurdOpertionWithOutBDD.PatchTheResourceTest" tests="1" failures="0" timestamp="24 Feb 2022 11:17:56 GMT" time="4.927" errors="0">
  <testcase name="patchTheRes" time="4.927" classname="com.Rmgyantra.CurdOpertionWithOutBDD.PatchTheResourceTest"/>
</testsuite> <!-- com.Rmgyantra.CurdOpertionWithOutBDD.PatchTheResourceTest -->
