<?xml version="1.0" encoding="UTF-8"?>
<!-- Generated by org.testng.reporters.JUnitReportReporter -->
<testsuite skipped="0" hostname="Pradeep" name="com.Rmgyantra.Authr.BasicOuthTest" tests="1" failures="0" timestamp="01 Mar 2022 07:14:06 GMT" time="3.775" errors="0">
  <testcase name="basicOuth" time="3.775" classname="com.Rmgyantra.Authr.BasicOuthTest"/>
</testsuite> <!-- com.Rmgyantra.Authr.BasicOuthTest -->
