<?xml version="1.0" encoding="UTF-8"?>
<!-- Generated by org.testng.reporters.JUnitReportReporter -->
<testsuite skipped="0" hostname="Pradeep" name="com.Rmgyantra.validate.HeaderValidateTest" tests="1" failures="0" timestamp="28 Feb 2022 10:37:13 GMT" time="2.849" errors="0">
  <testcase name="header" time="2.849" classname="com.Rmgyantra.validate.HeaderValidateTest"/>
</testsuite> <!-- com.Rmgyantra.validate.HeaderValidateTest -->
