<?xml version="1.0" encoding="UTF-8"?>
<!-- Generated by org.testng.reporters.JUnitReportReporter -->
<testsuite skipped="0" hostname="Pradeep" name="javapra.FirstOneLetter" tests="1" failures="0" timestamp="11 Mar 2022 11:20:29 GMT" time="0.020" errors="0">
  <testcase name="firstletterCaptial" time="0.020" classname="javapra.FirstOneLetter"/>
</testsuite> <!-- javapra.FirstOneLetter -->
