<?xml version="1.0" encoding="UTF-8"?>
<!-- Generated by org.testng.reporters.JUnitReportReporter -->
<testsuite skipped="0" hostname="Pradeep" name="com.Rmgyantra.validate.CreateResourceAndValidate" tests="1" failures="0" timestamp="28 Feb 2022 11:01:25 GMT" time="3.965" errors="0">
  <testcase name="create" time="3.965" classname="com.Rmgyantra.validate.CreateResourceAndValidate"/>
</testsuite> <!-- com.Rmgyantra.validate.CreateResourceAndValidate -->
