<?xml version="1.0" encoding="UTF-8"?>
<!-- Generated by org.testng.reporters.JUnitReportReporter -->
<testsuite skipped="0" hostname="Pradeep" name="com.Rmgyantra.CurdOperationWithBDD.DeleteTheResouceTest" tests="1" failures="0" timestamp="25 Feb 2022 07:21:32 GMT" time="2.814" errors="0">
  <testcase name="delete" time="2.814" classname="com.Rmgyantra.CurdOperationWithBDD.DeleteTheResouceTest"/>
</testsuite> <!-- com.Rmgyantra.CurdOperationWithBDD.DeleteTheResouceTest -->
