<?xml version="1.0" encoding="UTF-8"?>
<!-- Generated by org.testng.reporters.JUnitReportReporter -->
<testsuite skipped="0" hostname="Pradeep" name="com.Rmgyantra.CurdOpertionWithOutBDD.GetAllResourceTest" tests="1" failures="0" timestamp="24 Feb 2022 12:19:46 GMT" time="2.445" errors="0">
  <testcase name="getResource" time="2.445" classname="com.Rmgyantra.CurdOpertionWithOutBDD.GetAllResourceTest"/>
</testsuite> <!-- com.Rmgyantra.CurdOpertionWithOutBDD.GetAllResourceTest -->
