<?xml version="1.0" encoding="UTF-8"?>
<!-- Generated by org.testng.reporters.JUnitReportReporter -->
<testsuite skipped="0" hostname="Pradeep" name="com.Rmgyantra.CurdOpertionWithOutBDD.PutTheResource" tests="1" failures="0" timestamp="24 Feb 2022 11:06:49 GMT" time="2.912" errors="0">
  <testcase name="putResource" time="2.912" classname="com.Rmgyantra.CurdOpertionWithOutBDD.PutTheResource"/>
</testsuite> <!-- com.Rmgyantra.CurdOpertionWithOutBDD.PutTheResource -->
