<?xml version="1.0" encoding="UTF-8"?>
<!-- Generated by org.testng.reporters.JUnitReportReporter -->
<testsuite hostname="Pradeep" failures="0" tests="1" name="framework.CreateResoureAndDataBase" time="5.031" errors="0" timestamp="2022-03-18T11:08:43 IST" skipped="0">
  <testcase classname="framework.CreateResoureAndDataBase" name="create" time="5.031"/>
  <system-out/>
</testsuite> <!-- framework.CreateResoureAndDataBase -->
