<?xml version="1.0" encoding="UTF-8"?>
<!-- Generated by org.testng.reporters.JUnitReportReporter -->
<testsuite skipped="0" hostname="Pradeep" name="com.Rmgyantra.Authr.Auth2Test" tests="1" failures="0" timestamp="01 Mar 2022 10:53:17 GMT" time="4.797" errors="0">
  <testcase name="auth2" time="4.797" classname="com.Rmgyantra.Authr.Auth2Test"/>
</testsuite> <!-- com.Rmgyantra.Authr.Auth2Test -->
