<?xml version="1.0" encoding="UTF-8"?>
<!-- Generated by org.testng.reporters.JUnitReportReporter -->
<testsuite skipped="0" hostname="Pradeep" name="com.RmgyantraDataProvider.CreateDataProvider" tests="3" failures="0" timestamp="01 Mar 2022 07:07:52 GMT" time="3.094" errors="0">
  <testcase name="createdata" time="2.860" classname="com.RmgyantraDataProvider.CreateDataProvider"/>
  <testcase name="createdata" time="0.125" classname="com.RmgyantraDataProvider.CreateDataProvider"/>
  <testcase name="createdata" time="0.109" classname="com.RmgyantraDataProvider.CreateDataProvider"/>
</testsuite> <!-- com.RmgyantraDataProvider.CreateDataProvider -->
