<?xml version="1.0" encoding="UTF-8"?>
<!-- Generated by org.testng.reporters.JUnitReportReporter -->
<testsuite skipped="0" hostname="Pradeep" name="com.Rmgyantra.CurdOperationWithBDD.UpdateFullyTest" tests="1" failures="0" timestamp="25 Feb 2022 07:17:11 GMT" time="2.970" errors="0">
  <testcase name="put" time="2.970" classname="com.Rmgyantra.CurdOperationWithBDD.UpdateFullyTest"/>
</testsuite> <!-- com.Rmgyantra.CurdOperationWithBDD.UpdateFullyTest -->
