<?xml version="1.0" encoding="UTF-8"?>
<!-- Generated by org.testng.reporters.JUnitReportReporter -->
<testsuite skipped="0" hostname="Pradeep" name="com.Rmgyantra.CurdOperationWithBDD.CreateHashMapTest" tests="1" failures="0" timestamp="25 Feb 2022 10:08:13 GMT" time="3.899" errors="0">
  <testcase name="createHashMap" time="3.899" classname="com.Rmgyantra.CurdOperationWithBDD.CreateHashMapTest"/>
</testsuite> <!-- com.Rmgyantra.CurdOperationWithBDD.CreateHashMapTest -->
