<?xml version="1.0" encoding="UTF-8"?>
<!-- Generated by org.testng.reporters.JUnitReportReporter -->
<testsuite skipped="0" hostname="Pradeep" name="com.Rmgyantra.Authr.PremitiveOuthAndDigestiveOuth" tests="2" failures="0" timestamp="01 Mar 2022 07:38:15 GMT" time="3.031" errors="0">
  <testcase name="digestiveAuth" time="2.781" classname="com.Rmgyantra.Authr.PremitiveOuthAndDigestiveOuth"/>
  <testcase name="premitiveOuth" time="0.250" classname="com.Rmgyantra.Authr.PremitiveOuthAndDigestiveOuth"/>
</testsuite> <!-- com.Rmgyantra.Authr.PremitiveOuthAndDigestiveOuth -->
