<?xml version="1.0" encoding="UTF-8"?>
<!-- Generated by org.testng.reporters.JUnitReportReporter -->
<testsuite skipped="0" hostname="Pradeep" name="com.Rmgyantra.CurdOperationWithBDD.CreateTheResourceTest" tests="1" failures="0" timestamp="25 Feb 2022 07:02:31 GMT" time="3.293" errors="0">
  <testcase name="post" time="3.293" classname="com.Rmgyantra.CurdOperationWithBDD.CreateTheResourceTest"/>
</testsuite> <!-- com.Rmgyantra.CurdOperationWithBDD.CreateTheResourceTest -->
