<?xml version="1.0" encoding="UTF-8"?>
<!-- Generated by org.testng.reporters.JUnitReportReporter -->
<testsuite skipped="0" hostname="Pradeep" name="com.Rmgyantra.empolyee.CreateEmployeeTest" tests="1" failures="0" timestamp="27 Feb 2022 14:24:33 GMT" time="4.155" errors="0">
  <testcase name="createEmployee" time="4.155" classname="com.Rmgyantra.empolyee.CreateEmployeeTest"/>
</testsuite> <!-- com.Rmgyantra.empolyee.CreateEmployeeTest -->
