<?xml version="1.0" encoding="UTF-8"?>
<!-- Generated by org.testng.reporters.JUnitReportReporter -->
<testsuite skipped="0" hostname="Pradeep" name="com.Rmgyantra.DataBase.RmgyantraDataBasesVerify" tests="1" failures="0" timestamp="01 Mar 2022 16:46:38 GMT" time="4.512" errors="0">
  <testcase name="creat" time="4.512" classname="com.Rmgyantra.DataBase.RmgyantraDataBasesVerify"/>
</testsuite> <!-- com.Rmgyantra.DataBase.RmgyantraDataBasesVerify -->
