<?xml version="1.0" encoding="UTF-8"?>
<!-- Generated by org.testng.reporters.JUnitReportReporter -->
<testsuite skipped="0" hostname="Pradeep" name="com.Rmgyantra.validate.PathParameterTest" tests="1" failures="0" timestamp="28 Feb 2022 11:08:23 GMT" time="2.794" errors="0">
  <testcase name="pathParameter" time="2.794" classname="com.Rmgyantra.validate.PathParameterTest"/>
</testsuite> <!-- com.Rmgyantra.validate.PathParameterTest -->
