<?xml version="1.0" encoding="UTF-8"?>
<!-- Generated by org.testng.reporters.JUnitReportReporter -->
<testsuite skipped="0" hostname="Pradeep" name="com.Rmgyantra.CurdOperationWithBDD.CreateWithPojoTest" tests="1" failures="0" timestamp="28 Feb 2022 07:17:12 GMT" time="4.215" errors="0">
  <testcase name="Create" time="4.215" classname="com.Rmgyantra.CurdOperationWithBDD.CreateWithPojoTest"/>
</testsuite> <!-- com.Rmgyantra.CurdOperationWithBDD.CreateWithPojoTest -->
