<?xml version="1.0" encoding="UTF-8"?>
<!-- Generated by org.testng.reporters.JUnitReportReporter -->
<testsuite hostname="Pradeep" failures="0" tests="1" name="com.Rmgyantra.CurdOperationWithBDD.GetAllResourceTest" time="3.160" errors="0" timestamp="2022-03-17T15:51:59 IST" skipped="0">
  <testcase classname="com.Rmgyantra.CurdOperationWithBDD.GetAllResourceTest" name="getresource" time="3.160"/>
  <system-out/>
</testsuite> <!-- com.Rmgyantra.CurdOperationWithBDD.GetAllResourceTest -->
