<?xml version="1.0" encoding="UTF-8"?>
<!-- Generated by org.testng.reporters.JUnitReportReporter -->
<testsuite skipped="0" hostname="Pradeep" name="com.Rmgyantra.CurdOperationWithBDD.CreateWithJsonFileTest" tests="1" failures="0" timestamp="25 Feb 2022 10:21:38 GMT" time="2.437" errors="0">
  <testcase name="Create" time="2.437" classname="com.Rmgyantra.CurdOperationWithBDD.CreateWithJsonFileTest"/>
</testsuite> <!-- com.Rmgyantra.CurdOperationWithBDD.CreateWithJsonFileTest -->
