<?xml version="1.0" encoding="UTF-8"?>
<!-- Generated by org.testng.reporters.JUnitReportReporter -->
<testsuite skipped="0" hostname="Pradeep" name="com.Rmggyantra.EndToEnd.ResourceFromDeleteTest" tests="1" failures="0" timestamp="28 Feb 2022 11:33:05 GMT" time="4.747" errors="0">
  <testcase name="ResorceDelete" time="4.747" classname="com.Rmggyantra.EndToEnd.ResourceFromDeleteTest"/>
</testsuite> <!-- com.Rmggyantra.EndToEnd.ResourceFromDeleteTest -->
