<?xml version="1.0" encoding="UTF-8"?>
<!-- Generated by org.testng.reporters.JUnitReportReporter -->
<testsuite skipped="0" hostname="Pradeep" name="com.Rmggyantra.EndToEnd.CreateAndDeleteTest" tests="1" failures="0" timestamp="28 Feb 2022 12:38:49 GMT" time="4.287" errors="0">
  <testcase name="createAndDelete" time="4.287" classname="com.Rmggyantra.EndToEnd.CreateAndDeleteTest"/>
</testsuite> <!-- com.Rmggyantra.EndToEnd.CreateAndDeleteTest -->
