<?xml version="1.0" encoding="UTF-8"?>
<!-- Generated by org.testng.reporters.JUnitReportReporter -->
<testsuite skipped="0" hostname="Pradeep" name="com.Rmgyantra.CurdOperationWithBDD.ParitalUpdateTheResourceTest" tests="1" failures="0" timestamp="25 Feb 2022 07:36:46 GMT" time="4.168" errors="0">
  <testcase name="patch" time="4.168" classname="com.Rmgyantra.CurdOperationWithBDD.ParitalUpdateTheResourceTest"/>
</testsuite> <!-- com.Rmgyantra.CurdOperationWithBDD.ParitalUpdateTheResourceTest -->
