<?xml version="1.0" encoding="UTF-8"?>
<!-- Generated by org.testng.reporters.JUnitReportReporter -->
<testsuite skipped="0" hostname="Pradeep" name="com.Rmggyantra.EndToEnd.CreateProjectAndEmplyoeesTest" tests="1" failures="0" timestamp="28 Feb 2022 12:49:42 GMT" time="4.287" errors="0">
  <testcase name="createProject" time="4.287" classname="com.Rmggyantra.EndToEnd.CreateProjectAndEmplyoeesTest"/>
</testsuite> <!-- com.Rmggyantra.EndToEnd.CreateProjectAndEmplyoeesTest -->
