<?xml version="1.0" encoding="UTF-8"?>
<!-- Generated by org.testng.reporters.JUnitReportReporter -->
<testsuite skipped="0" hostname="Pradeep" name="com.Rmgyantra.Authr.BearerTokenTest" tests="1" failures="0" timestamp="01 Mar 2022 07:28:24 GMT" time="6.267" errors="0">
  <testcase name="Beartoken" time="6.267" classname="com.Rmgyantra.Authr.BearerTokenTest"/>
</testsuite> <!-- com.Rmgyantra.Authr.BearerTokenTest -->
